This is XeTeX, Version 3.141592653-2.6-0.999997 (TeX Live 2025) (preloaded format=xelatex 2025.12.29)  9 JAN 2026 12:27
entering extended mode
 restricted \write18 enabled.
 %&-line parsing enabled.
**/Users/johnhall/Documents/MOCJ/new_juvenile_trends/output/reports/juvenile_report_citywide.tex
(/Users/johnhall/Documents/MOCJ/new_juvenile_trends/output/reports/juvenile_report_citywide.tex
LaTeX2e <2025-11-01>
L3 programming layer <2025-12-24>
(/Users/johnhall/Library/TinyTeX/texmf-dist/tex/latex/base/article.cls
Document Class: article 2025/01/22 v1.4n Standard LaTeX document class
(/Users/johnhall/Library/TinyTeX/texmf-dist/tex/latex/base/size11.clo
File: size11.clo 2025/01/22 v1.4n Standard LaTeX file (size option)
)
\c@part=\count271
\c@section=\count272
\c@subsection=\count273
\c@subsubsection=\count274
\c@paragraph=\count275
\c@subparagraph=\count276
\c@figure=\count277
\c@table=\count278
\abovecaptionskip=\skip49
\belowcaptionskip=\skip50
\bibindent=\dimen148
) (/Users/johnhall/Library/TinyTeX/texmf-dist/tex/latex/amsmath/amsmath.sty
Package: amsmath 2025/07/09 v2.17z AMS math features
\@mathmargin=\skip51
For additional information on amsmath, use the `?' option.
(/Users/johnhall/Library/TinyTeX/texmf-dist/tex/latex/amsmath/amstext.sty
Package: amstext 2024/11/17 v2.01 AMS text
(/Users/johnhall/Library/TinyTeX/texmf-dist/tex/latex/amsmath/amsgen.sty
File: amsgen.sty 1999/11/30 v2.0 generic functions
\@emptytoks=\toks17
\ex@=\dimen149
)) (/Users/johnhall/Library/TinyTeX/texmf-dist/tex/latex/amsmath/amsbsy.sty
Package: amsbsy 1999/11/29 v1.2d Bold Symbols
\pmbraise@=\dimen150
) (/Users/johnhall/Library/TinyTeX/texmf-dist/tex/latex/amsmath/amsopn.sty
Package: amsopn 2022/04/08 v2.04 operator names
)
\inf@bad=\count279
LaTeX Info: Redefining \frac on input line 233.
\uproot@=\count280
\leftroot@=\count281
LaTeX Info: Redefining \overline on input line 398.
LaTeX Info: Redefining \colon on input line 409.
\classnum@=\count282
\DOTSCASE@=\count283
LaTeX Info: Redefining \ldots on input line 495.
LaTeX Info: Redefining \dots on input line 498.
LaTeX Info: Redefining \cdots on input line 619.
\Mathstrutbox@=\box53
\strutbox@=\box54
LaTeX Info: Redefining \big on input line 721.
LaTeX Info: Redefining \Big on input line 722.
LaTeX Info: Redefining \bigg on input line 723.
LaTeX Info: Redefining \Bigg on input line 724.
\big@size=\dimen151
LaTeX Font Info:    Redeclaring font encoding OML on input line 742.
LaTeX Font Info:    Redeclaring font encoding OMS on input line 743.
\macc@depth=\count284
LaTeX Info: Redefining \bmod on input line 904.
LaTeX Info: Redefining \pmod on input line 909.
LaTeX Info: Redefining \smash on input line 939.
LaTeX Info: Redefining \relbar on input line 969.
LaTeX Info: Redefining \Relbar on input line 970.
\c@MaxMatrixCols=\count285
\dotsspace@=\muskip17
\c@parentequation=\count286
\dspbrk@lvl=\count287
\tag@help=\toks18
\row@=\count288
\column@=\count289
\maxfields@=\count290
\andhelp@=\toks19
\eqnshift@=\dimen152
\alignsep@=\dimen153
\tagshift@=\dimen154
\tagwidth@=\dimen155
\totwidth@=\dimen156
\lineht@=\dimen157
\@envbody=\toks20
\multlinegap=\skip52
\multlinetaggap=\skip53
\mathdisplay@stack=\toks21
LaTeX Info: Redefining \[ on input line 2950.
LaTeX Info: Redefining \] on input line 2951.
) (/Users/johnhall/Library/TinyTeX/texmf-dist/tex/latex/amsfonts/amssymb.sty
Package: amssymb 2013/01/14 v3.01 AMS font symbols
(/Users/johnhall/Library/TinyTeX/texmf-dist/tex/latex/amsfonts/amsfonts.sty
Package: amsfonts 2013/01/14 v3.01 Basic AMSFonts support
\symAMSa=\mathgroup4
\symAMSb=\mathgroup5
LaTeX Font Info:    Redeclaring math symbol \hbar on input line 98.
LaTeX Font Info:    Overwriting math alphabet `\mathfrak' in version `bold'
(Font)                  U/euf/m/n --> U/euf/b/n on input line 106.
)) (/Users/johnhall/Library/TinyTeX/texmf-dist/tex/generic/iftex/iftex.sty
Package: iftex 2024/12/12 v1.0g TeX engine tests
) (/Users/johnhall/Library/TinyTeX/texmf-dist/tex/latex/unicode-math/unicode-math.sty (/Users/johnhall/Library/TinyTeX/texmf-dist/tex/latex/l3kernel/expl3.sty
Package: expl3 2025-12-24 L3 programming layer (loader) 
(/Users/johnhall/Library/TinyTeX/texmf-dist/tex/latex/l3backend/l3backend-xetex.def
File: l3backend-xetex.def 2025-10-09 L3 backend support: XeTeX
\g__graphics_track_int=\count291
\g__pdfannot_backend_int=\count292
\g__pdfannot_backend_link_int=\count293
))
Package: unicode-math 2023/08/13 v0.8r Unicode maths in XeLaTeX and LuaLaTeX
(/Users/johnhall/Library/TinyTeX/texmf-dist/tex/latex/unicode-math/unicode-math-xetex.sty
Package: unicode-math-xetex 2023/08/13 v0.8r Unicode maths in XeLaTeX and LuaLaTeX
(/Users/johnhall/Library/TinyTeX/texmf-dist/tex/latex/l3packages/xparse/xparse.sty
Package: xparse 2025-10-09 L3 Experimental document command parser
) (/Users/johnhall/Library/TinyTeX/texmf-dist/tex/latex/l3packages/l3keys2e/l3keys2e.sty
Package: l3keys2e 2025-10-09 LaTeX2e option processing using LaTeX3 keys
) (/Users/johnhall/Library/TinyTeX/texmf-dist/tex/latex/fontspec/fontspec.sty
Package: fontspec 2025/09/29 v2.9g Font selection for XeLaTeX and LuaLaTeX
(/Users/johnhall/Library/TinyTeX/texmf-dist/tex/latex/fontspec/fontspec-xetex.sty
Package: fontspec-xetex 2025/09/29 v2.9g Font selection for XeLaTeX and LuaLaTeX
\l__fontspec_script_int=\count294
\l__fontspec_language_int=\count295
\l__fontspec_strnum_int=\count296
\l__fontspec_tmp_int=\count297
\l__fontspec_tmpa_int=\count298
\l__fontspec_tmpb_int=\count299
\l__fontspec_tmpc_int=\count300
\l__fontspec_em_int=\count301
\l__fontspec_emdef_int=\count302
\l__fontspec_strong_int=\count303
\l__fontspec_strongdef_int=\count304
\l__fontspec_tmpa_dim=\dimen158
\l__fontspec_tmpb_dim=\dimen159
\l__fontspec_tmpc_dim=\dimen160
(/Users/johnhall/Library/TinyTeX/texmf-dist/tex/latex/base/fontenc.sty
Package: fontenc 2025/07/18 v2.1d Standard LaTeX package
) (/Users/johnhall/Library/TinyTeX/texmf-dist/tex/latex/fontspec/fontspec.cfg))) (/Users/johnhall/Library/TinyTeX/texmf-dist/tex/latex/base/fix-cm.sty
Package: fix-cm 2020/11/24 v1.1t fixes to LaTeX
(/Users/johnhall/Library/TinyTeX/texmf-dist/tex/latex/base/ts1enc.def
File: ts1enc.def 2001/06/05 v3.0e (jk/car/fm) Standard LaTeX file
LaTeX Font Info:    Redeclaring font encoding TS1 on input line 47.
LaTeX Encoding Info:    Redeclaring text command \capitalcedilla (encoding TS1) on input line 49.
LaTeX Encoding Info:    Redeclaring text command \capitalogonek (encoding TS1) on input line 52.
LaTeX Encoding Info:    Redeclaring text command \capitalgrave (encoding TS1) on input line 55.
LaTeX Encoding Info:    Redeclaring text command \capitalacute (encoding TS1) on input line 56.
LaTeX Encoding Info:    Redeclaring text command \capitalcircumflex (encoding TS1) on input line 57.
LaTeX Encoding Info:    Redeclaring text command \capitaltilde (encoding TS1) on input line 58.
LaTeX Encoding Info:    Redeclaring text command \capitaldieresis (encoding TS1) on input line 59.
LaTeX Encoding Info:    Redeclaring text command \capitalhungarumlaut (encoding TS1) on input line 60.
LaTeX Encoding Info:    Redeclaring text command \capitalring (encoding TS1) on input line 61.
LaTeX Encoding Info:    Redeclaring text command \capitalcaron (encoding TS1) on input line 62.
LaTeX Encoding Info:    Redeclaring text command \capitalbreve (encoding TS1) on input line 63.
LaTeX Encoding Info:    Redeclaring text command \capitalmacron (encoding TS1) on input line 64.
LaTeX Encoding Info:    Redeclaring text command \capitaldotaccent (encoding TS1) on input line 65.
LaTeX Encoding Info:    Redeclaring text command \t (encoding TS1) on input line 66.
LaTeX Encoding Info:    Redeclaring text command \capitaltie (encoding TS1) on input line 67.
LaTeX Encoding Info:    Redeclaring text command \newtie (encoding TS1) on input line 68.
LaTeX Encoding Info:    Redeclaring text command \capitalnewtie (encoding TS1) on input line 69.
LaTeX Encoding Info:    Redeclaring text symbol \textcapitalcompwordmark (encoding TS1) on input line 70.
LaTeX Encoding Info:    Redeclaring text symbol \textascendercompwordmark (encoding TS1) on input line 71.
LaTeX Encoding Info:    Redeclaring text symbol \textquotestraightbase (encoding TS1) on input line 72.
LaTeX Encoding Info:    Redeclaring text symbol \textquotestraightdblbase (encoding TS1) on input line 73.
LaTeX Encoding Info:    Redeclaring text symbol \texttwelveudash (encoding TS1) on input line 74.
LaTeX Encoding Info:    Redeclaring text symbol \textthreequartersemdash (encoding TS1) on input line 75.
LaTeX Encoding Info:    Redeclaring text symbol \textleftarrow (encoding TS1) on input line 76.
LaTeX Encoding Info:    Redeclaring text symbol \textrightarrow (encoding TS1) on input line 77.
LaTeX Encoding Info:    Redeclaring text symbol \textblank (encoding TS1) on input line 78.
LaTeX Encoding Info:    Redeclaring text symbol \textdollar (encoding TS1) on input line 79.
LaTeX Encoding Info:    Redeclaring text symbol \textquotesingle (encoding TS1) on input line 80.
LaTeX Encoding Info:    Redeclaring text command \textasteriskcentered (encoding TS1) on input line 81.
LaTeX Encoding Info:    Redeclaring text symbol \textdblhyphen (encoding TS1) on input line 92.
LaTeX Encoding Info:    Redeclaring text symbol \textfractionsolidus (encoding TS1) on input line 93.
LaTeX Encoding Info:    Redeclaring text symbol \textzerooldstyle (encoding TS1) on input line 94.
LaTeX Encoding Info:    Redeclaring text symbol \textoneoldstyle (encoding TS1) on input line 95.
LaTeX Encoding Info:    Redeclaring text symbol \texttwooldstyle (encoding TS1) on input line 96.
LaTeX Encoding Info:    Redeclaring text symbol \textthreeoldstyle (encoding TS1) on input line 97.
LaTeX Encoding Info:    Redeclaring text symbol \textfouroldstyle (encoding TS1) on input line 98.
LaTeX Encoding Info:    Redeclaring text symbol \textfiveoldstyle (encoding TS1) on input line 99.
LaTeX Encoding Info:    Redeclaring text symbol \textsixoldstyle (encoding TS1) on input line 100.
LaTeX Encoding Info:    Redeclaring text symbol \textsevenoldstyle (encoding TS1) on input line 101.
LaTeX Encoding Info:    Redeclaring text symbol \texteightoldstyle (encoding TS1) on input line 102.
LaTeX Encoding Info:    Redeclaring text symbol \textnineoldstyle (encoding TS1) on input line 103.
LaTeX Encoding Info:    Redeclaring text symbol \textlangle (encoding TS1) on input line 104.
LaTeX Encoding Info:    Redeclaring text symbol \textminus (encoding TS1) on input line 105.
LaTeX Encoding Info:    Redeclaring text symbol \textrangle (encoding TS1) on input line 106.
LaTeX Encoding Info:    Redeclaring text symbol \textmho (encoding TS1) on input line 107.
LaTeX Encoding Info:    Redeclaring text symbol \textbigcircle (encoding TS1) on input line 108.
LaTeX Encoding Info:    Redeclaring text command \textcircled (encoding TS1) on input line 109.
LaTeX Encoding Info:    Redeclaring text symbol \textohm (encoding TS1) on input line 115.
LaTeX Encoding Info:    Redeclaring text symbol \textlbrackdbl (encoding TS1) on input line 116.
LaTeX Encoding Info:    Redeclaring text symbol \textrbrackdbl (encoding TS1) on input line 117.
LaTeX Encoding Info:    Redeclaring text symbol \textuparrow (encoding TS1) on input line 118.
LaTeX Encoding Info:    Redeclaring text symbol \textdownarrow (encoding TS1) on input line 119.
LaTeX Encoding Info:    Redeclaring text symbol \textasciigrave (encoding TS1) on input line 120.
LaTeX Encoding Info:    Redeclaring text symbol \textborn (encoding TS1) on input line 121.
LaTeX Encoding Info:    Redeclaring text symbol \textdivorced (encoding TS1) on input line 122.
LaTeX Encoding Info:    Redeclaring text symbol \textdied (encoding TS1) on input line 123.
LaTeX Encoding Info:    Redeclaring text symbol \textleaf (encoding TS1) on input line 124.
LaTeX Encoding Info:    Redeclaring text symbol \textmarried (encoding TS1) on input line 125.
LaTeX Encoding Info:    Redeclaring text symbol \textmusicalnote (encoding TS1) on input line 126.
LaTeX Encoding Info:    Redeclaring text symbol \texttildelow (encoding TS1) on input line 127.
LaTeX Encoding Info:    Redeclaring text symbol \textdblhyphenchar (encoding TS1) on input line 128.
LaTeX Encoding Info:    Redeclaring text symbol \textasciibreve (encoding TS1) on input line 129.
LaTeX Encoding Info:    Redeclaring text symbol \textasciicaron (encoding TS1) on input line 130.
LaTeX Encoding Info:    Redeclaring text symbol \textacutedbl (encoding TS1) on input line 131.
LaTeX Encoding Info:    Redeclaring text symbol \textgravedbl (encoding TS1) on input line 132.
LaTeX Encoding Info:    Redeclaring text symbol \textdagger (encoding TS1) on input line 133.
LaTeX Encoding Info:    Redeclaring text symbol \textdaggerdbl (encoding TS1) on input line 134.
LaTeX Encoding Info:    Redeclaring text symbol \textbardbl (encoding TS1) on input line 135.
LaTeX Encoding Info:    Redeclaring text symbol \textperthousand (encoding TS1) on input line 136.
LaTeX Encoding Info:    Redeclaring text symbol \textbullet (encoding TS1) on input line 137.
LaTeX Encoding Info:    Redeclaring text symbol \textcelsius (encoding TS1) on input line 138.
LaTeX Encoding Info:    Redeclaring text symbol \textdollaroldstyle (encoding TS1) on input line 139.
LaTeX Encoding Info:    Redeclaring text symbol \textcentoldstyle (encoding TS1) on input line 140.
LaTeX Encoding Info:    Redeclaring text symbol \textflorin (encoding TS1) on input line 141.
LaTeX Encoding Info:    Redeclaring text symbol \textcolonmonetary (encoding TS1) on input line 142.
LaTeX Encoding Info:    Redeclaring text symbol \textwon (encoding TS1) on input line 143.
LaTeX Encoding Info:    Redeclaring text symbol \textnaira (encoding TS1) on input line 144.
LaTeX Encoding Info:    Redeclaring text symbol \textguarani (encoding TS1) on input line 145.
LaTeX Encoding Info:    Redeclaring text symbol \textpeso (encoding TS1) on input line 146.
LaTeX Encoding Info:    Redeclaring text symbol \textlira (encoding TS1) on input line 147.
LaTeX Encoding Info:    Redeclaring text symbol \textrecipe (encoding TS1) on input line 148.
LaTeX Encoding Info:    Redeclaring text symbol \textinterrobang (encoding TS1) on input line 149.
LaTeX Encoding Info:    Redeclaring text symbol \textinterrobangdown (encoding TS1) on input line 150.
LaTeX Encoding Info:    Redeclaring text symbol \textdong (encoding TS1) on input line 151.
LaTeX Encoding Info:    Redeclaring text symbol \texttrademark (encoding TS1) on input line 152.
LaTeX Encoding Info:    Redeclaring text symbol \textpertenthousand (encoding TS1) on input line 153.
LaTeX Encoding Info:    Redeclaring text symbol \textpilcrow (encoding TS1) on input line 154.
LaTeX Encoding Info:    Redeclaring text symbol \textbaht (encoding TS1) on input line 155.
LaTeX Encoding Info:    Redeclaring text symbol \textnumero (encoding TS1) on input line 156.
LaTeX Encoding Info:    Redeclaring text symbol \textdiscount (encoding TS1) on input line 157.
LaTeX Encoding Info:    Redeclaring text symbol \textestimated (encoding TS1) on input line 158.
LaTeX Encoding Info:    Redeclaring text symbol \textopenbullet (encoding TS1) on input line 159.
LaTeX Encoding Info:    Redeclaring text symbol \textservicemark (encoding TS1) on input line 160.
LaTeX Encoding Info:    Redeclaring text symbol \textlquill (encoding TS1) on input line 161.
LaTeX Encoding Info:    Redeclaring text symbol \textrquill (encoding TS1) on input line 162.
LaTeX Encoding Info:    Redeclaring text symbol \textcent (encoding TS1) on input line 163.
LaTeX Encoding Info:    Redeclaring text symbol \textsterling (encoding TS1) on input line 164.
LaTeX Encoding Info:    Redeclaring text symbol \textcurrency (encoding TS1) on input line 165.
LaTeX Encoding Info:    Redeclaring text symbol \textyen (encoding TS1) on input line 166.
LaTeX Encoding Info:    Redeclaring text symbol \textbrokenbar (encoding TS1) on input line 167.
LaTeX Encoding Info:    Redeclaring text symbol \textsection (encoding TS1) on input line 168.
LaTeX Encoding Info:    Redeclaring text symbol \textasciidieresis (encoding TS1) on input line 169.
LaTeX Encoding Info:    Redeclaring text symbol \textcopyright (encoding TS1) on input line 170.
LaTeX Encoding Info:    Redeclaring text symbol \textordfeminine (encoding TS1) on input line 171.
LaTeX Encoding Info:    Redeclaring text symbol \textcopyleft (encoding TS1) on input line 172.
LaTeX Encoding Info:    Redeclaring text symbol \textlnot (encoding TS1) on input line 173.
LaTeX Encoding Info:    Redeclaring text symbol \textcircledP (encoding TS1) on input line 174.
LaTeX Encoding Info:    Redeclaring text symbol \textregistered (encoding TS1) on input line 175.
LaTeX Encoding Info:    Redeclaring text symbol \textasciimacron (encoding TS1) on input line 176.
LaTeX Encoding Info:    Redeclaring text symbol \textdegree (encoding TS1) on input line 177.
LaTeX Encoding Info:    Redeclaring text symbol \textpm (encoding TS1) on input line 178.
LaTeX Encoding Info:    Redeclaring text symbol \texttwosuperior (encoding TS1) on input line 179.
LaTeX Encoding Info:    Redeclaring text symbol \textthreesuperior (encoding TS1) on input line 180.
LaTeX Encoding Info:    Redeclaring text symbol \textasciiacute (encoding TS1) on input line 181.
LaTeX Encoding Info:    Redeclaring text symbol \textmu (encoding TS1) on input line 182.
LaTeX Encoding Info:    Redeclaring text symbol \textparagraph (encoding TS1) on input line 183.
LaTeX Encoding Info:    Redeclaring text symbol \textperiodcentered (encoding TS1) on input line 184.
LaTeX Encoding Info:    Redeclaring text symbol \textreferencemark (encoding TS1) on input line 185.
LaTeX Encoding Info:    Redeclaring text symbol \textonesuperior (encoding TS1) on input line 186.
LaTeX Encoding Info:    Redeclaring text symbol \textordmasculine (encoding TS1) on input line 187.
LaTeX Encoding Info:    Redeclaring text symbol \textsurd (encoding TS1) on input line 188.
LaTeX Encoding Info:    Redeclaring text symbol \textonequarter (encoding TS1) on input line 189.
LaTeX Encoding Info:    Redeclaring text symbol \textonehalf (encoding TS1) on input line 190.
LaTeX Encoding Info:    Redeclaring text symbol \textthreequarters (encoding TS1) on input line 191.
LaTeX Encoding Info:    Redeclaring text symbol \texteuro (encoding TS1) on input line 192.
LaTeX Encoding Info:    Redeclaring text symbol \texttimes (encoding TS1) on input line 193.
LaTeX Encoding Info:    Redeclaring text symbol \textdiv (encoding TS1) on input line 194.
))
\g__um_fam_int=\count305
\g__um_fonts_used_int=\count306
\l__um_primecount_int=\count307
\g__um_primekern_muskip=\muskip18
(/Users/johnhall/Library/TinyTeX/texmf-dist/tex/latex/unicode-math/unicode-math-table.tex))) (/Users/johnhall/Library/TinyTeX/texmf-dist/tex/latex/lm/lmodern.sty
Package: lmodern 2015/05/01 v1.6.1 Latin Modern Fonts
LaTeX Font Info:    Overwriting symbol font `operators' in version `normal'
(Font)                  OT1/cmr/m/n --> OT1/lmr/m/n on input line 22.
LaTeX Font Info:    Overwriting symbol font `letters' in version `normal'
(Font)                  OML/cmm/m/it --> OML/lmm/m/it on input line 23.
LaTeX Font Info:    Overwriting symbol font `symbols' in version `normal'
(Font)                  OMS/cmsy/m/n --> OMS/lmsy/m/n on input line 24.
LaTeX Font Info:    Overwriting symbol font `largesymbols' in version `normal'
(Font)                  OMX/cmex/m/n --> OMX/lmex/m/n on input line 25.
LaTeX Font Info:    Overwriting symbol font `operators' in version `bold'
(Font)                  OT1/cmr/bx/n --> OT1/lmr/bx/n on input line 26.
LaTeX Font Info:    Overwriting symbol font `letters' in version `bold'
(Font)                  OML/cmm/b/it --> OML/lmm/b/it on input line 27.
LaTeX Font Info:    Overwriting symbol font `symbols' in version `bold'
(Font)                  OMS/cmsy/b/n --> OMS/lmsy/b/n on input line 28.
LaTeX Font Info:    Overwriting symbol font `largesymbols' in version `bold'
(Font)                  OMX/cmex/m/n --> OMX/lmex/m/n on input line 29.
LaTeX Font Info:    Overwriting math alphabet `\mathbf' in version `normal'
(Font)                  OT1/cmr/bx/n --> OT1/lmr/bx/n on input line 31.
LaTeX Font Info:    Overwriting math alphabet `\mathsf' in version `normal'
(Font)                  OT1/cmss/m/n --> OT1/lmss/m/n on input line 32.
LaTeX Font Info:    Overwriting math alphabet `\mathit' in version `normal'
(Font)                  OT1/cmr/m/it --> OT1/lmr/m/it on input line 33.
LaTeX Font Info:    Overwriting math alphabet `\mathtt' in version `normal'
(Font)                  OT1/cmtt/m/n --> OT1/lmtt/m/n on input line 34.
LaTeX Font Info:    Overwriting math alphabet `\mathbf' in version `bold'
(Font)                  OT1/cmr/bx/n --> OT1/lmr/bx/n on input line 35.
LaTeX Font Info:    Overwriting math alphabet `\mathsf' in version `bold'
(Font)                  OT1/cmss/bx/n --> OT1/lmss/bx/n on input line 36.
LaTeX Font Info:    Overwriting math alphabet `\mathit' in version `bold'
(Font)                  OT1/cmr/bx/it --> OT1/lmr/bx/it on input line 37.
LaTeX Font Info:    Overwriting math alphabet `\mathtt' in version `bold'
(Font)                  OT1/cmtt/m/n --> OT1/lmtt/m/n on input line 38.
) (/Users/johnhall/Library/TinyTeX/texmf-dist/tex/latex/xcolor/xcolor.sty
Package: xcolor 2024/09/29 v3.02 LaTeX color extensions (UK)
(/Users/johnhall/Library/TinyTeX/texmf-dist/tex/latex/graphics-cfg/color.cfg
File: color.cfg 2016/01/02 v1.6 sample color configuration
)
Package xcolor Info: Driver file: xetex.def on input line 274.
(/Users/johnhall/Library/TinyTeX/texmf-dist/tex/latex/graphics-def/xetex.def
File: xetex.def 2025/11/01 v5.0p Graphics/color driver for xetex
) (/Users/johnhall/Library/TinyTeX/texmf-dist/tex/latex/graphics/mathcolor.ltx)
Package xcolor Info: Model `cmy' substituted by `cmy0' on input line 1349.
Package xcolor Info: Model `RGB' extended on input line 1365.
Package xcolor Info: Model `HTML' substituted by `rgb' on input line 1367.
Package xcolor Info: Model `Hsb' substituted by `hsb' on input line 1368.
Package xcolor Info: Model `tHsb' substituted by `hsb' on input line 1369.
Package xcolor Info: Model `HSB' substituted by `hsb' on input line 1370.
Package xcolor Info: Model `Gray' substituted by `gray' on input line 1371.
Package xcolor Info: Model `wave' substituted by `hsb' on input line 1372.
) (/Users/johnhall/Library/TinyTeX/texmf-dist/tex/latex/geometry/geometry.sty
Package: geometry 2020/01/02 v5.9 Page Geometry
(/Users/johnhall/Library/TinyTeX/texmf-dist/tex/latex/graphics/keyval.sty
Package: keyval 2022/05/29 v1.15 key=value parser (DPC)
\KV@toks@=\toks22
) (/Users/johnhall/Library/TinyTeX/texmf-dist/tex/generic/iftex/ifvtex.sty
Package: ifvtex 2019/10/25 v1.7 ifvtex legacy package. Use iftex instead.
)
\Gm@cnth=\count308
\Gm@cntv=\count309
\c@Gm@tempcnt=\count310
\Gm@bindingoffset=\dimen161
\Gm@wd@mp=\dimen162
\Gm@odd@mp=\dimen163
\Gm@even@mp=\dimen164
\Gm@layoutwidth=\dimen165
\Gm@layoutheight=\dimen166
\Gm@layouthoffset=\dimen167
\Gm@layoutvoffset=\dimen168
\Gm@dimlist=\toks23
) (/Users/johnhall/Library/TinyTeX/texmf-dist/tex/latex/tools/longtable.sty
Package: longtable 2025-10-13 v4.24 Multi-page Table package (DPC)
\LTleft=\skip54
\LTright=\skip55
\LTpre=\skip56
\LTpost=\skip57
\LTchunksize=\count311
\LTcapwidth=\dimen169
\LT@head=\box55
\LT@firsthead=\box56
\LT@foot=\box57
\LT@lastfoot=\box58
\LT@gbox=\box59
\LT@cols=\count312
\LT@rows=\count313
\c@LT@tables=\count314
\c@LT@chunks=\count315
\LT@p@ftn=\toks24
) (/Users/johnhall/Library/TinyTeX/texmf-dist/tex/latex/booktabs/booktabs.sty
Package: booktabs 2020/01/12 v1.61803398 Publication quality tables
\heavyrulewidth=\dimen170
\lightrulewidth=\dimen171
\cmidrulewidth=\dimen172
\belowrulesep=\dimen173
\belowbottomsep=\dimen174
\aboverulesep=\dimen175
\abovetopsep=\dimen176
\cmidrulesep=\dimen177
\cmidrulekern=\dimen178
\defaultaddspace=\dimen179
\@cmidla=\count316
\@cmidlb=\count317
\@aboverulesep=\dimen180
\@belowrulesep=\dimen181
\@thisruleclass=\count318
\@lastruleclass=\count319
\@thisrulewidth=\dimen182
) (/Users/johnhall/Library/TinyTeX/texmf-dist/tex/latex/tools/array.sty
Package: array 2025/09/25 v2.6n Tabular extension package (FMi)
\col@sep=\dimen183
\ar@mcellbox=\box60
\extrarowheight=\dimen184
\NC@list=\toks25
\extratabsurround=\skip58
\backup@length=\skip59
\ar@cellbox=\box61
) (/Users/johnhall/Library/TinyTeX/texmf-dist/tex/latex/tools/calc.sty
Package: calc 2025/03/01 v4.3b Infix arithmetic (KKT,FJ)
\calc@Acount=\count320
\calc@Bcount=\count321
\calc@Adimen=\dimen185
\calc@Bdimen=\dimen186
\calc@Askip=\skip60
\calc@Bskip=\skip61
LaTeX Info: Redefining \setlength on input line 86.
LaTeX Info: Redefining \addtolength on input line 87.
\calc@Ccount=\count322
\calc@Cskip=\skip62
) (/Users/johnhall/Library/TinyTeX/texmf-dist/tex/latex/etoolbox/etoolbox.sty
Package: etoolbox 2025/10/02 v2.5m e-TeX tools for LaTeX (JAW)
\etb@tempcnta=\count323
) (/Users/johnhall/Library/TinyTeX/texmf-dist/tex/latex/mdwtools/footnote.sty
Package: footnote 1997/01/28 1.13 Save footnotes around boxes
\fn@notes=\box62
\fn@width=\dimen187
) (/Users/johnhall/Library/TinyTeX/texmf-dist/tex/latex/graphics/graphicx.sty
Package: graphicx 2024/12/31 v1.2e Enhanced LaTeX Graphics (DPC,SPQR)
(/Users/johnhall/Library/TinyTeX/texmf-dist/tex/latex/graphics/graphics.sty
Package: graphics 2024/08/06 v1.4g Standard LaTeX Graphics (DPC,SPQR)
(/Users/johnhall/Library/TinyTeX/texmf-dist/tex/latex/graphics/trig.sty
Package: trig 2023/12/02 v1.11 sin cos tan (DPC)
) (/Users/johnhall/Library/TinyTeX/texmf-dist/tex/latex/graphics-cfg/graphics.cfg
File: graphics.cfg 2016/06/04 v1.11 sample graphics configuration
)
Package graphics Info: Driver file: xetex.def on input line 106.
)
\Gin@req@height=\dimen188
\Gin@req@width=\dimen189
)
\pandoc@box=\box63
(/Users/johnhall/Library/TinyTeX/texmf-dist/tex/latex/multirow/multirow.sty
Package: multirow 2024/11/12 v2.9 Span multiple rows of a table
\multirow@colwidth=\skip63
\multirow@cntb=\count324
\multirow@dima=\skip64
\bigstrutjot=\dimen190
) (/Users/johnhall/Library/TinyTeX/texmf-dist/tex/latex/float/float.sty
Package: float 2001/11/08 v1.3d Float enhancements (AL)
\c@float@type=\count325
\float@exts=\toks26
\float@box=\box64
\@float@everytoks=\toks27
\@floatcapt=\box65
) (/Users/johnhall/Library/TinyTeX/texmf-dist/tex/latex/colortbl/colortbl.sty
Package: colortbl 2024/10/29 v1.0k Color table columns (DPC)
\everycr=\toks28
\minrowclearance=\skip65
\rownum=\count326
) (/Users/johnhall/Library/TinyTeX/texmf-dist/tex/latex/pdflscape/pdflscape.sty
Package: pdflscape 2025-06-23 v0.14 Display of landscape pages in PDF
(/Users/johnhall/Library/TinyTeX/texmf-dist/tex/latex/pdflscape/pdflscape-nometadata.sty
Package: pdflscape-nometadata 2025-06-23 v0.14 Display of landscape pages in PDF (HO)
(/Users/johnhall/Library/TinyTeX/texmf-dist/tex/latex/graphics/lscape.sty
Package: lscape 2020/05/28 v3.02 Landscape Pages (DPC)
)
Package pdflscape Info: Auto-detected driver: dvipdfm (xetex) on input line 98.
)) (/Users/johnhall/Library/TinyTeX/texmf-dist/tex/latex/tabu/tabu.sty
Package: tabu 2019/01/11 v2.9 - flexible LaTeX tabulars (FC+tabu-fixed)
(/Users/johnhall/Library/TinyTeX/texmf-dist/tex/latex/varwidth/varwidth.sty
Package: varwidth 2009/03/30 ver 0.92;  Variable-width minipages
\@vwid@box=\box66
\sift@deathcycles=\count327
\@vwid@loff=\dimen191
\@vwid@roff=\dimen192
)
==> First Aid for varwidth.sty applied!
\c@taburow=\count328
\tabu@nbcols=\count329
\tabu@cnt=\count330
\tabu@Xcol=\count331
\tabu@alloc=\count332
\tabu@nested=\count333
\tabu@target=\dimen193
\tabu@spreadtarget=\dimen194
\tabu@naturalX=\dimen195
\tabucolX=\dimen196
\tabu@Xsum=\dimen197
\extrarowdepth=\dimen198
\abovetabulinesep=\dimen199
\belowtabulinesep=\dimen256
\tabustrutrule=\dimen257
\tabu@thebody=\toks29
\tabu@footnotes=\toks30
\tabu@box=\box67
\tabu@arstrutbox=\box68
\tabu@hleads=\box69
\tabu@vleads=\box70
\tabu@cellskip=\skip66
) (/Users/johnhall/Library/TinyTeX/texmf-dist/tex/latex/threeparttable/threeparttable.sty
Package: threeparttable 2003/06/13  v 3.0
\@tempboxb=\box71
) (/Users/johnhall/Library/TinyTeX/texmf-dist/tex/latex/threeparttablex/threeparttablex.sty
Package: threeparttablex 2013/07/23 v0.3 by daleif
(/Users/johnhall/Library/TinyTeX/texmf-dist/tex/latex/environ/environ.sty
Package: environ 2014/05/04 v0.3 A new way to define environments
(/Users/johnhall/Library/TinyTeX/texmf-dist/tex/latex/trimspaces/trimspaces.sty
Package: trimspaces 2009/09/17 v1.1 Trim spaces around a token list
))
\TPTL@width=\skip67
) (/Users/johnhall/Library/TinyTeX/texmf-dist/tex/latex/makecell/makecell.sty
Package: makecell 2009/08/03 V0.1e Managing of Tab Column Heads and Cells
\rotheadsize=\dimen258
\c@nlinenum=\count334
\TeXr@lab=\toks31
) (/Users/johnhall/Library/TinyTeX/texmf-dist/tex/latex/placeins/placeins.sty
Package: placeins 2005/04/18  v 2.2
) (/Users/johnhall/Library/TinyTeX/texmf-dist/tex/latex/caption/caption.sty
Package: caption 2023/08/05 v3.6o Customizing captions (AR)
(/Users/johnhall/Library/TinyTeX/texmf-dist/tex/latex/caption/caption3.sty
Package: caption3 2023/07/31 v2.4d caption3 kernel (AR)
\caption@tempdima=\dimen259
\captionmargin=\dimen260
\caption@leftmargin=\dimen261
\caption@rightmargin=\dimen262
\caption@width=\dimen263
\caption@indent=\dimen264
\caption@parindent=\dimen265
\caption@hangindent=\dimen266
Package caption Info: Standard document class detected.
)
\c@caption@flags=\count335
\c@continuedfloat=\count336
Package caption Info: float package is loaded.
Package caption Info: longtable package is loaded.
(/Users/johnhall/Library/TinyTeX/texmf-dist/tex/latex/caption/ltcaption.sty
Package: ltcaption 2021/01/08 v1.4c longtable captions (AR)
)
Package caption Info: threeparttable package is loaded.
) (/Users/johnhall/Library/TinyTeX/texmf-dist/tex/latex/fancyhdr/fancyhdr.sty
Package: fancyhdr 2025/02/07 v5.2 Extensive control of page headers and footers
\f@nch@headwidth=\skip68
\f@nch@offset@elh=\skip69
\f@nch@offset@erh=\skip70
\f@nch@offset@olh=\skip71
\f@nch@offset@orh=\skip72
\f@nch@offset@elf=\skip73
\f@nch@offset@erf=\skip74
\f@nch@offset@olf=\skip75
\f@nch@offset@orf=\skip76
\f@nch@height=\skip77
\f@nch@footalignment=\skip78
\f@nch@widthL=\skip79
\f@nch@widthC=\skip80
\f@nch@widthR=\skip81
\@temptokenb=\toks32
) (/Users/johnhall/Library/TinyTeX/texmf-dist/tex/latex/titling/titling.sty
Package: titling 2009/09/04 v2.1d maketitle typesetting
\thanksmarkwidth=\skip82
\thanksmargin=\skip83
\droptitle=\skip84
) (/Users/johnhall/Library/TinyTeX/texmf-dist/tex/latex/sectsty/sectsty.sty
Package: sectsty 2002/02/25 v2.0.2 Commands to change all sectional heading styles

LaTeX Warning: Command \underbar  has changed.
               Check if current package is valid.


LaTeX Warning: Command \underline  has changed.
               Check if current package is valid.

) (/Users/johnhall/Library/TinyTeX/texmf-dist/tex/latex/hyperref/hyperref.sty
Package: hyperref 2025-07-12 v7.01o Hypertext links for LaTeX
(/Users/johnhall/Library/TinyTeX/texmf-dist/tex/latex/kvsetkeys/kvsetkeys.sty
Package: kvsetkeys 2022-10-05 v1.19 Key value parser (HO)
) (/Users/johnhall/Library/TinyTeX/texmf-dist/tex/generic/kvdefinekeys/kvdefinekeys.sty
Package: kvdefinekeys 2019-12-19 v1.6 Define keys (HO)
) (/Users/johnhall/Library/TinyTeX/texmf-dist/tex/generic/pdfescape/pdfescape.sty
Package: pdfescape 2019/12/09 v1.15 Implements pdfTeX's escape features (HO)
(/Users/johnhall/Library/TinyTeX/texmf-dist/tex/generic/ltxcmds/ltxcmds.sty
Package: ltxcmds 2023-12-04 v1.26 LaTeX kernel commands for general use (HO)
) (/Users/johnhall/Library/TinyTeX/texmf-dist/tex/generic/pdftexcmds/pdftexcmds.sty
Package: pdftexcmds 2020-06-27 v0.33 Utility functions of pdfTeX for LuaTeX (HO)
(/Users/johnhall/Library/TinyTeX/texmf-dist/tex/generic/infwarerr/infwarerr.sty
Package: infwarerr 2019/12/03 v1.5 Providing info/warning/error messages (HO)
)
Package pdftexcmds Info: \pdf@primitive is available.
Package pdftexcmds Info: \pdf@ifprimitive is available.
Package pdftexcmds Info: \pdfdraftmode not found.
)) (/Users/johnhall/Library/TinyTeX/texmf-dist/tex/latex/hycolor/hycolor.sty
Package: hycolor 2020-01-27 v1.10 Color options for hyperref/bookmark (HO)
) (/Users/johnhall/Library/TinyTeX/texmf-dist/tex/latex/hyperref/nameref.sty
Package: nameref 2025-06-21 v2.57 Cross-referencing by name of section
(/Users/johnhall/Library/TinyTeX/texmf-dist/tex/latex/refcount/refcount.sty
Package: refcount 2019/12/15 v3.6 Data extraction from label references (HO)
) (/Users/johnhall/Library/TinyTeX/texmf-dist/tex/generic/gettitlestring/gettitlestring.sty
Package: gettitlestring 2019/12/15 v1.6 Cleanup title references (HO)
(/Users/johnhall/Library/TinyTeX/texmf-dist/tex/latex/kvoptions/kvoptions.sty
Package: kvoptions 2022-06-15 v3.15 Key value format for package options (HO)
))
\c@section@level=\count337
) (/Users/johnhall/Library/TinyTeX/texmf-dist/tex/generic/stringenc/stringenc.sty
Package: stringenc 2019/11/29 v1.12 Convert strings between diff. encodings (HO)
)
\@linkdim=\dimen267
\Hy@linkcounter=\count338
\Hy@pagecounter=\count339
(/Users/johnhall/Library/TinyTeX/texmf-dist/tex/latex/hyperref/pd1enc.def
File: pd1enc.def 2025-07-12 v7.01o Hyperref: PDFDocEncoding definition (HO)
) (/Users/johnhall/Library/TinyTeX/texmf-dist/tex/generic/intcalc/intcalc.sty
Package: intcalc 2019/12/15 v1.3 Expandable calculations with integers (HO)
)
\Hy@SavedSpaceFactor=\count340
(/Users/johnhall/Library/TinyTeX/texmf-dist/tex/latex/hyperref/puenc.def
File: puenc.def 2025-07-12 v7.01o Hyperref: PDF Unicode definition (HO)
)
Package hyperref Info: Option `unicode' set `true' on input line 4066.
Package hyperref Info: Hyper figures OFF on input line 4195.
Package hyperref Info: Link nesting OFF on input line 4200.
Package hyperref Info: Hyper index ON on input line 4203.
Package hyperref Info: Plain pages OFF on input line 4210.
Package hyperref Info: Backreferencing OFF on input line 4215.
Package hyperref Info: Implicit mode ON; LaTeX internals redefined.
Package hyperref Info: Bookmarks ON on input line 4462.
\c@Hy@tempcnt=\count341
(/Users/johnhall/Library/TinyTeX/texmf-dist/tex/latex/url/url.sty
\Urlmuskip=\muskip19
Package: url 2013/09/16  ver 3.4  Verb mode for urls, etc.
)
LaTeX Info: Redefining \url on input line 4801.
\XeTeXLinkMargin=\dimen268
(/Users/johnhall/Library/TinyTeX/texmf-dist/tex/generic/bitset/bitset.sty
Package: bitset 2019/12/09 v1.3 Handle bit-vector datatype (HO)
(/Users/johnhall/Library/TinyTeX/texmf-dist/tex/generic/bigintcalc/bigintcalc.sty
Package: bigintcalc 2019/12/15 v1.5 Expandable calculations on big integers (HO)
))
\Fld@menulength=\count342
\Field@Width=\dimen269
\Fld@charsize=\dimen270
Package hyperref Info: Hyper figures OFF on input line 6078.
Package hyperref Info: Link nesting OFF on input line 6083.
Package hyperref Info: Hyper index ON on input line 6086.
Package hyperref Info: backreferencing OFF on input line 6093.
Package hyperref Info: Link coloring OFF on input line 6098.
Package hyperref Info: Link coloring with OCG OFF on input line 6103.
Package hyperref Info: PDF/A mode OFF on input line 6108.
\Hy@abspage=\count343
\c@Item=\count344
\c@Hfootnote=\count345
)
Package hyperref Info: Driver (autodetected): hxetex.
(/Users/johnhall/Library/TinyTeX/texmf-dist/tex/latex/hyperref/hxetex.def
File: hxetex.def 2025-07-12 v7.01o Hyperref driver for XeTeX
\pdfm@box=\box72
\c@Hy@AnnotLevel=\count346
\HyField@AnnotCount=\count347
\Fld@listcount=\count348
\c@bookmark@seq@number=\count349
(/Users/johnhall/Library/TinyTeX/texmf-dist/tex/latex/rerunfilecheck/rerunfilecheck.sty
Package: rerunfilecheck 2025-06-21 v1.11 Rerun checks for auxiliary files (HO)
(/Users/johnhall/Library/TinyTeX/texmf-dist/tex/generic/uniquecounter/uniquecounter.sty
Package: uniquecounter 2019/12/15 v1.4 Provide unlimited unique counter (HO)
)
Package uniquecounter Info: New unique counter `rerunfilecheck' on input line 284.
)
\Hy@SectionHShift=\skip85
)
Package hyperref Info: Option `colorlinks' set `true' on input line 118.
(/Users/johnhall/Library/TinyTeX/texmf-dist/tex/latex/bookmark/bookmark.sty
Package: bookmark 2023-12-10 v1.31 PDF bookmarks (HO)
(/Users/johnhall/Library/TinyTeX/texmf-dist/tex/latex/bookmark/bkm-dvipdfm.def
File: bkm-dvipdfm.def 2023-12-10 v1.31 bookmark driver for dvipdfm (HO)
\BKM@id=\count350
)) (./juvenile_report_citywide.aux)
\openout1 = `juvenile_report_citywide.aux'.

LaTeX Font Info:    Checking defaults for OML/cmm/m/it on input line 139.
LaTeX Font Info:    ... okay on input line 139.
LaTeX Font Info:    Checking defaults for OMS/cmsy/m/n on input line 139.
LaTeX Font Info:    ... okay on input line 139.
LaTeX Font Info:    Checking defaults for OT1/cmr/m/n on input line 139.
LaTeX Font Info:    ... okay on input line 139.
LaTeX Font Info:    Checking defaults for T1/cmr/m/n on input line 139.
LaTeX Font Info:    ... okay on input line 139.
LaTeX Font Info:    Checking defaults for TS1/cmr/m/n on input line 139.
LaTeX Font Info:    ... okay on input line 139.
LaTeX Font Info:    Checking defaults for TU/lmr/m/n on input line 139.
LaTeX Font Info:    ... okay on input line 139.
LaTeX Font Info:    Checking defaults for OMX/cmex/m/n on input line 139.
LaTeX Font Info:    ... okay on input line 139.
LaTeX Font Info:    Checking defaults for U/cmr/m/n on input line 139.
LaTeX Font Info:    ... okay on input line 139.
LaTeX Font Info:    Checking defaults for PD1/pdf/m/n on input line 139.
LaTeX Font Info:    ... okay on input line 139.
LaTeX Font Info:    Checking defaults for PU/pdf/m/n on input line 139.
LaTeX Font Info:    ... okay on input line 139.
LaTeX Font Info:    Overwriting math alphabet `\mathrm' in version `normal'
(Font)                  OT1/lmr/m/n --> TU/lmr/m/n on input line 139.
LaTeX Font Info:    Overwriting math alphabet `\mathit' in version `normal'
(Font)                  OT1/lmr/m/it --> TU/lmr/m/it on input line 139.
LaTeX Font Info:    Overwriting math alphabet `\mathbf' in version `normal'
(Font)                  OT1/lmr/bx/n --> TU/lmr/bx/n on input line 139.
LaTeX Font Info:    Overwriting math alphabet `\mathsf' in version `normal'
(Font)                  OT1/lmss/m/n --> TU/lmss/m/n on input line 139.
LaTeX Font Info:    Overwriting math alphabet `\mathsf' in version `bold'
(Font)                  OT1/lmss/bx/n --> TU/lmss/bx/n on input line 139.
LaTeX Font Info:    Overwriting math alphabet `\mathtt' in version `normal'
(Font)                  OT1/lmtt/m/n --> TU/lmtt/m/n on input line 139.
LaTeX Font Info:    Overwriting math alphabet `\mathtt' in version `bold'
(Font)                  OT1/lmtt/m/n --> TU/lmtt/bx/n on input line 139.

Package fontspec Info: 
(fontspec)             latinmodern-math scale = 0.9999967668407183.


Package fontspec Info: 
(fontspec)             latinmodern-math scale = 0.9999967668407183.


Package fontspec Info: 
(fontspec)             latinmodern-math scale = 0.9999967668407183.


Package fontspec Info: 
(fontspec)             Font family 'latinmodern-math.otf(0)' created for font
(fontspec)             'latinmodern-math.otf' with options
(fontspec)             [Scale=MatchLowercase,BoldItalicFont={},ItalicFont={},SmallCapsFont={},Script=Math,BoldFont={latinmodern-math.otf}].
(fontspec)              
(fontspec)              This font family consists of the following NFSS
(fontspec)             series/shapes:
(fontspec)              
(fontspec)             - 'normal' (m/n) with NFSS spec.:
(fontspec)             <->s*[0.9999967668407183]"[latinmodern-math.otf]/OT:script=math;language=dflt;"
(fontspec)             - 'bold' (b/n) with NFSS spec.:
(fontspec)             <->s*[0.9999967668407183]"[latinmodern-math.otf]/OT:script=math;language=dflt;"

LaTeX Font Info:    Font shape `TU/latinmodern-math.otf(0)/m/n' will be
(Font)              scaled to size 10.95pt on input line 139.

Package fontspec Info: 
(fontspec)             latinmodern-math scale = 0.9999967668407183.


Package fontspec Info: 
(fontspec)             latinmodern-math scale = 0.9999967668407183.


Package fontspec Info: 
(fontspec)             latinmodern-math scale = 0.9999967668407183.


Package fontspec Info: 
(fontspec)             latinmodern-math scale = 0.9999967668407183.


Package fontspec Info: 
(fontspec)             latinmodern-math scale = 0.9999967668407183.


Package fontspec Info: 
(fontspec)             Font family 'latinmodern-math.otf(1)' created for font
(fontspec)             'latinmodern-math.otf' with options
(fontspec)             [Scale=MatchLowercase,BoldItalicFont={},ItalicFont={},SmallCapsFont={},Script=Math,SizeFeatures={{Size=9.3075-},{Size=6.57-9.3075,Font=latinmodern-math.otf,Style=MathScript},{Size=-6.57,Font=latinmodern-math.otf,Style=MathScriptScript}},BoldFont={latinmodern-math.otf}].
(fontspec)              
(fontspec)              This font family consists of the following NFSS
(fontspec)             series/shapes:
(fontspec)              
(fontspec)             - 'normal' (m/n) with NFSS spec.:
(fontspec)             <9.3075->s*[0.9999967668407183]"[latinmodern-math.otf]/OT:script=math;language=dflt;"<6.57-9.3075>s*[0.9999967668407183]"[latinmodern-math.otf]/OT:script=math;language=dflt;+ssty=0;"<-6.57>s*[0.9999967668407183]"[latinmodern-math.otf]/OT:script=math;language=dflt;+ssty=1;"
(fontspec)             - 'bold' (b/n) with NFSS spec.:
(fontspec)             <->s*[0.9999967668407183]"[latinmodern-math.otf]/OT:script=math;language=dflt;"

LaTeX Font Info:    Font shape `TU/latinmodern-math.otf(1)/m/n' will be
(Font)              scaled to size 10.95pt on input line 139.
LaTeX Font Info:    Encoding `OT1' has changed to `TU' for symbol font
(Font)              `operators' in the math version `normal' on input line 139.
LaTeX Font Info:    Overwriting symbol font `operators' in version `normal'
(Font)                  OT1/lmr/m/n --> TU/latinmodern-math.otf(1)/m/n on input line 139.
LaTeX Font Info:    Encoding `OT1' has changed to `TU' for symbol font
(Font)              `operators' in the math version `bold' on input line 139.
LaTeX Font Info:    Overwriting symbol font `operators' in version `bold'
(Font)                  OT1/lmr/bx/n --> TU/latinmodern-math.otf(1)/b/n on input line 139.

Package fontspec Info: 
(fontspec)             latinmodern-math scale = 0.9999967668407183.


Package fontspec Info: 
(fontspec)             latinmodern-math scale = 1.000096766517402.


Package fontspec Info: 
(fontspec)             latinmodern-math scale = 0.9999967668407183.


Package fontspec Info: 
(fontspec)             latinmodern-math scale = 1.000096766517402.


Package fontspec Info: 
(fontspec)             latinmodern-math scale = 0.9999967668407183.


Package fontspec Info: 
(fontspec)             latinmodern-math scale = 1.000096766517402.


Package fontspec Info: 
(fontspec)             latinmodern-math scale = 0.9999967668407183.


Package fontspec Info: 
(fontspec)             latinmodern-math scale = 1.000096766517402.


Package fontspec Info: 
(fontspec)             latinmodern-math scale = 0.9999967668407183.


Package fontspec Info: 
(fontspec)             latinmodern-math scale = 1.000096766517402.


Package fontspec Info: 
(fontspec)             Font family 'latinmodern-math.otf(2)' created for font
(fontspec)             'latinmodern-math.otf' with options
(fontspec)             [Scale=MatchLowercase,BoldItalicFont={},ItalicFont={},SmallCapsFont={},Script=Math,SizeFeatures={{Size=9.3075-},{Size=6.57-9.3075,Font=latinmodern-math.otf,Style=MathScript},{Size=-6.57,Font=latinmodern-math.otf,Style=MathScriptScript}},BoldFont={latinmodern-math.otf},ScaleAgain=1.0001,FontAdjustment={\fontdimen
(fontspec)             8\font =7.41315pt\relax \fontdimen 9\font
(fontspec)             =4.3143pt\relax \fontdimen 10\font =4.8618pt\relax
(fontspec)             \fontdimen 11\font =7.5117pt\relax \fontdimen 12\font
(fontspec)             =3.77776pt\relax \fontdimen 13\font =3.97485pt\relax
(fontspec)             \fontdimen 14\font =3.97485pt\relax \fontdimen 15\font
(fontspec)             =3.16455pt\relax \fontdimen 16\font =2.70465pt\relax
(fontspec)             \fontdimen 17\font =2.70465pt\relax \fontdimen 18\font
(fontspec)             =2.7375pt\relax \fontdimen 19\font =2.19pt\relax
(fontspec)             \fontdimen 22\font =2.7375pt\relax \fontdimen 20\font
(fontspec)             =0pt\relax \fontdimen 21\font =0pt\relax }].
(fontspec)              
(fontspec)              This font family consists of the following NFSS
(fontspec)             series/shapes:
(fontspec)              
(fontspec)             - 'normal' (m/n) with NFSS spec.:
(fontspec)             <9.3075->s*[1.000096766517402]"[latinmodern-math.otf]/OT:script=math;language=dflt;"<6.57-9.3075>s*[1.000096766517402]"[latinmodern-math.otf]/OT:script=math;language=dflt;+ssty=0;"<-6.57>s*[1.000096766517402]"[latinmodern-math.otf]/OT:script=math;language=dflt;+ssty=1;"
(fontspec)             - 'bold' (b/n) with NFSS spec.:
(fontspec)             <->s*[1.000096766517402]"[latinmodern-math.otf]/OT:script=math;language=dflt;"

LaTeX Font Info:    Encoding `OMS' has changed to `TU' for symbol font
(Font)              `symbols' in the math version `normal' on input line 139.
LaTeX Font Info:    Overwriting symbol font `symbols' in version `normal'
(Font)                  OMS/lmsy/m/n --> TU/latinmodern-math.otf(2)/m/n on input line 139.
LaTeX Font Info:    Encoding `OMS' has changed to `TU' for symbol font
(Font)              `symbols' in the math version `bold' on input line 139.
LaTeX Font Info:    Overwriting symbol font `symbols' in version `bold'
(Font)                  OMS/lmsy/b/n --> TU/latinmodern-math.otf(2)/b/n on input line 139.

Package fontspec Info: 
(fontspec)             latinmodern-math scale = 0.9999967668407183.


Package fontspec Info: 
(fontspec)             latinmodern-math scale = 0.9998967671640342.


Package fontspec Info: 
(fontspec)             latinmodern-math scale = 0.9999967668407183.


Package fontspec Info: 
(fontspec)             latinmodern-math scale = 0.9998967671640342.


Package fontspec Info: 
(fontspec)             latinmodern-math scale = 0.9999967668407183.


Package fontspec Info: 
(fontspec)             latinmodern-math scale = 0.9998967671640342.


Package fontspec Info: 
(fontspec)             latinmodern-math scale = 0.9999967668407183.


Package fontspec Info: 
(fontspec)             latinmodern-math scale = 0.9998967671640342.


Package fontspec Info: 
(fontspec)             latinmodern-math scale = 0.9999967668407183.


Package fontspec Info: 
(fontspec)             latinmodern-math scale = 0.9998967671640342.


Package fontspec Info: 
(fontspec)             Font family 'latinmodern-math.otf(3)' created for font
(fontspec)             'latinmodern-math.otf' with options
(fontspec)             [Scale=MatchLowercase,BoldItalicFont={},ItalicFont={},SmallCapsFont={},Script=Math,SizeFeatures={{Size=9.3075-},{Size=6.57-9.3075,Font=latinmodern-math.otf,Style=MathScript},{Size=-6.57,Font=latinmodern-math.otf,Style=MathScriptScript}},BoldFont={latinmodern-math.otf},ScaleAgain=0.9999,FontAdjustment={\fontdimen
(fontspec)             8\font =0.438pt\relax \fontdimen 9\font =2.19pt\relax
(fontspec)             \fontdimen 10\font =1.82864pt\relax \fontdimen 11\font
(fontspec)             =1.21545pt\relax \fontdimen 12\font =6.56999pt\relax
(fontspec)             \fontdimen 13\font =0pt\relax }].
(fontspec)              
(fontspec)              This font family consists of the following NFSS
(fontspec)             series/shapes:
(fontspec)              
(fontspec)             - 'normal' (m/n) with NFSS spec.:
(fontspec)             <9.3075->s*[0.9998967671640342]"[latinmodern-math.otf]/OT:script=math;language=dflt;"<6.57-9.3075>s*[0.9998967671640342]"[latinmodern-math.otf]/OT:script=math;language=dflt;+ssty=0;"<-6.57>s*[0.9998967671640342]"[latinmodern-math.otf]/OT:script=math;language=dflt;+ssty=1;"
(fontspec)             - 'bold' (b/n) with NFSS spec.:
(fontspec)             <->s*[0.9998967671640342]"[latinmodern-math.otf]/OT:script=math;language=dflt;"

LaTeX Font Info:    Encoding `OMX' has changed to `TU' for symbol font
(Font)              `largesymbols' in the math version `normal' on input line 139.
LaTeX Font Info:    Overwriting symbol font `largesymbols' in version `normal'
(Font)                  OMX/lmex/m/n --> TU/latinmodern-math.otf(3)/m/n on input line 139.
LaTeX Font Info:    Encoding `OMX' has changed to `TU' for symbol font
(Font)              `largesymbols' in the math version `bold' on input line 139.
LaTeX Font Info:    Overwriting symbol font `largesymbols' in version `bold'
(Font)                  OMX/lmex/m/n --> TU/latinmodern-math.otf(3)/b/n on input line 139.
*geometry* driver: auto-detecting
*geometry* detected driver: xetex
*geometry* verbose mode - [ preamble ] result:
* driver: xetex
* paper: <default>
* layout: <same size as paper>
* layoutoffset:(h,v)=(0.0pt,0.0pt)
* modes: 
* h-part:(L,W,R)=(54.2025pt, 505.89pt, 54.2025pt)
* v-part:(T,H,B)=(54.2025pt, 686.56499pt, 54.2025pt)
* \paperwidth=614.295pt
* \paperheight=794.96999pt
* \textwidth=505.89pt
* \textheight=686.56499pt
* \oddsidemargin=-18.06749pt
* \evensidemargin=-18.06749pt
* \topmargin=-55.06749pt
* \headheight=12.0pt
* \headsep=25.0pt
* \topskip=11.0pt
* \footskip=30.0pt
* \marginparwidth=59.0pt
* \marginparsep=10.0pt
* \columnsep=10.0pt
* \skip\footins=10.0pt plus 4.0pt minus 2.0pt
* \hoffset=0.0pt
* \voffset=0.0pt
* \mag=1000
* \@twocolumnfalse
* \@twosidefalse
* \@mparswitchfalse
* \@reversemarginfalse
* (1in=72.27pt=25.4mm, 1cm=28.453pt)

Package caption Info: Begin \AtBeginDocument code.
Package caption Info: hyperref package is loaded.
Package caption Info: End \AtBeginDocument code.
Package hyperref Info: Link coloring OFF on input line 139.
LaTeX Font Info:    Font shape `TU/latinmodern-math.otf(1)/m/n' will be
(Font)              scaled to size 12.0pt on input line 141.
LaTeX Font Info:    Font shape `TU/latinmodern-math.otf(1)/m/n' will be
(Font)              scaled to size 8.0pt on input line 141.
LaTeX Font Info:    Font shape `TU/latinmodern-math.otf(1)/m/n' will be
(Font)              scaled to size 6.0pt on input line 141.
LaTeX Font Info:    Trying to load font information for OML+lmm on input line 141.
(/Users/johnhall/Library/TinyTeX/texmf-dist/tex/latex/lm/omllmm.fd
File: omllmm.fd 2015/05/01 v1.6.1 Font defs for Latin Modern
)
LaTeX Font Info:    Font shape `TU/latinmodern-math.otf(2)/m/n' will be
(Font)              scaled to size 12.0011pt on input line 141.
LaTeX Font Info:    Font shape `TU/latinmodern-math.otf(2)/m/n' will be
(Font)              scaled to size 8.00073pt on input line 141.
LaTeX Font Info:    Font shape `TU/latinmodern-math.otf(2)/m/n' will be
(Font)              scaled to size 6.00055pt on input line 141.
LaTeX Font Info:    Font shape `TU/latinmodern-math.otf(3)/m/n' will be
(Font)              scaled to size 11.99872pt on input line 141.
LaTeX Font Info:    Font shape `TU/latinmodern-math.otf(3)/m/n' will be
(Font)              scaled to size 7.99915pt on input line 141.
LaTeX Font Info:    Font shape `TU/latinmodern-math.otf(3)/m/n' will be
(Font)              scaled to size 5.99936pt on input line 141.
LaTeX Font Info:    Trying to load font information for U+msa on input line 141.
(/Users/johnhall/Library/TinyTeX/texmf-dist/tex/latex/amsfonts/umsa.fd
File: umsa.fd 2013/01/14 v3.01 AMS symbols A
)
LaTeX Font Info:    Trying to load font information for U+msb on input line 141.
(/Users/johnhall/Library/TinyTeX/texmf-dist/tex/latex/amsfonts/umsb.fd
File: umsb.fd 2013/01/14 v3.01 AMS symbols B
) (./juvenile_report_citywide.toc
LaTeX Font Info:    Font shape `TU/latinmodern-math.otf(1)/m/n' will be
(Font)              scaled to size 7.665pt on input line 3.
LaTeX Font Info:    Font shape `TU/latinmodern-math.otf(1)/m/n' will be
(Font)              scaled to size 5.475pt on input line 3.
LaTeX Font Info:    Font shape `TU/latinmodern-math.otf(2)/m/n' will be
(Font)              scaled to size 10.95099pt on input line 3.
LaTeX Font Info:    Font shape `TU/latinmodern-math.otf(2)/m/n' will be
(Font)              scaled to size 7.66568pt on input line 3.
LaTeX Font Info:    Font shape `TU/latinmodern-math.otf(2)/m/n' will be
(Font)              scaled to size 5.4755pt on input line 3.
LaTeX Font Info:    Font shape `TU/latinmodern-math.otf(3)/m/n' will be
(Font)              scaled to size 10.94882pt on input line 3.
LaTeX Font Info:    Font shape `TU/latinmodern-math.otf(3)/m/n' will be
(Font)              scaled to size 7.66417pt on input line 3.
LaTeX Font Info:    Font shape `TU/latinmodern-math.otf(3)/m/n' will be
(Font)              scaled to size 5.47441pt on input line 3.
[1

])
\tf@toc=\write3
\openout3 = `juvenile_report_citywide.toc'.

[2]
File: /Users/johnhall/Documents/MOCJ/new_juvenile_trends/output/reports/juvenile_report_citywide_files/figure-latex/nypd-longrun-1.pdf Graphic file (type pdf)
<use /Users/johnhall/Documents/MOCJ/new_juvenile_trends/output/reports/juvenile_report_citywide_files/figure-latex/nypd-longrun-1.pdf>
[3]
File: /Users/johnhall/Documents/MOCJ/new_juvenile_trends/output/reports/juvenile_report_citywide_files/figure-latex/cja-felony-u18-1.pdf Graphic file (type pdf)
<use /Users/johnhall/Documents/MOCJ/new_juvenile_trends/output/reports/juvenile_report_citywide_files/figure-latex/cja-felony-u18-1.pdf>
File: /Users/johnhall/Documents/MOCJ/new_juvenile_trends/output/reports/juvenile_report_citywide_files/figure-latex/cja-felony-secondary-1.pdf Graphic file (type pdf)
<use /Users/johnhall/Documents/MOCJ/new_juvenile_trends/output/reports/juvenile_report_citywide_files/figure-latex/cja-felony-secondary-1.pdf>
File: /Users/johnhall/Documents/MOCJ/new_juvenile_trends/output/reports/juvenile_report_citywide_files/figure-latex/cja-vfo-u18-1.pdf Graphic file (type pdf)
<use /Users/johnhall/Documents/MOCJ/new_juvenile_trends/output/reports/juvenile_report_citywide_files/figure-latex/cja-vfo-u18-1.pdf>
[4]
File: /Users/johnhall/Documents/MOCJ/new_juvenile_trends/output/reports/juvenile_report_citywide_files/figure-latex/cja-vfo-secondary-1.pdf Graphic file (type pdf)
<use /Users/johnhall/Documents/MOCJ/new_juvenile_trends/output/reports/juvenile_report_citywide_files/figure-latex/cja-vfo-secondary-1.pdf>
File: /Users/johnhall/Documents/MOCJ/new_juvenile_trends/output/reports/juvenile_report_citywide_files/figure-latex/cja-serious-vfo-u18-1.pdf Graphic file (type pdf)
<use /Users/johnhall/Documents/MOCJ/new_juvenile_trends/output/reports/juvenile_report_citywide_files/figure-latex/cja-serious-vfo-u18-1.pdf>
[5]
File: /Users/johnhall/Documents/MOCJ/new_juvenile_trends/output/reports/juvenile_report_citywide_files/figure-latex/cja-serious-vfo-secondary-1.pdf Graphic file (type pdf)
<use /Users/johnhall/Documents/MOCJ/new_juvenile_trends/output/reports/juvenile_report_citywide_files/figure-latex/cja-serious-vfo-secondary-1.pdf>
[6]
File: /Users/johnhall/Documents/MOCJ/new_juvenile_trends/output/reports/juvenile_report_citywide_files/figure-latex/recid-felony-u18-1.pdf Graphic file (type pdf)
<use /Users/johnhall/Documents/MOCJ/new_juvenile_trends/output/reports/juvenile_report_citywide_files/figure-latex/recid-felony-u18-1.pdf>
File: /Users/johnhall/Documents/MOCJ/new_juvenile_trends/output/reports/juvenile_report_citywide_files/figure-latex/recid-felony-secondary-1.pdf Graphic file (type pdf)
<use /Users/johnhall/Documents/MOCJ/new_juvenile_trends/output/reports/juvenile_report_citywide_files/figure-latex/recid-felony-secondary-1.pdf>
File: /Users/johnhall/Documents/MOCJ/new_juvenile_trends/output/reports/juvenile_report_citywide_files/figure-latex/recid-vfo-u18-1.pdf Graphic file (type pdf)
<use /Users/johnhall/Documents/MOCJ/new_juvenile_trends/output/reports/juvenile_report_citywide_files/figure-latex/recid-vfo-u18-1.pdf>
[7]
File: /Users/johnhall/Documents/MOCJ/new_juvenile_trends/output/reports/juvenile_report_citywide_files/figure-latex/recid-vfo-secondary-1.pdf Graphic file (type pdf)
<use /Users/johnhall/Documents/MOCJ/new_juvenile_trends/output/reports/juvenile_report_citywide_files/figure-latex/recid-vfo-secondary-1.pdf>
File: /Users/johnhall/Documents/MOCJ/new_juvenile_trends/output/reports/juvenile_report_citywide_files/figure-latex/recid-serious-vfo-u18-1.pdf Graphic file (type pdf)
<use /Users/johnhall/Documents/MOCJ/new_juvenile_trends/output/reports/juvenile_report_citywide_files/figure-latex/recid-serious-vfo-u18-1.pdf>
[8]
File: /Users/johnhall/Documents/MOCJ/new_juvenile_trends/output/reports/juvenile_report_citywide_files/figure-latex/recid-serious-vfo-secondary-1.pdf Graphic file (type pdf)
<use /Users/johnhall/Documents/MOCJ/new_juvenile_trends/output/reports/juvenile_report_citywide_files/figure-latex/recid-serious-vfo-secondary-1.pdf>
[9]
File: /Users/johnhall/Documents/MOCJ/new_juvenile_trends/output/reports/juvenile_report_citywide_files/figure-latex/comparison-felony-share-1.pdf Graphic file (type pdf)
<use /Users/johnhall/Documents/MOCJ/new_juvenile_trends/output/reports/juvenile_report_citywide_files/figure-latex/comparison-felony-share-1.pdf>
File: /Users/johnhall/Documents/MOCJ/new_juvenile_trends/output/reports/juvenile_report_citywide_files/figure-latex/comparison-vfo-share-1.pdf Graphic file (type pdf)
<use /Users/johnhall/Documents/MOCJ/new_juvenile_trends/output/reports/juvenile_report_citywide_files/figure-latex/comparison-vfo-share-1.pdf>
File: /Users/johnhall/Documents/MOCJ/new_juvenile_trends/output/reports/juvenile_report_citywide_files/figure-latex/comparison-serious-vfo-share-1.pdf Graphic file (type pdf)
<use /Users/johnhall/Documents/MOCJ/new_juvenile_trends/output/reports/juvenile_report_citywide_files/figure-latex/comparison-serious-vfo-share-1.pdf>
[10]
File: /Users/johnhall/Documents/MOCJ/new_juvenile_trends/output/reports/juvenile_report_citywide_files/figure-latex/comparison-recid-1.pdf Graphic file (type pdf)
<use /Users/johnhall/Documents/MOCJ/new_juvenile_trends/output/reports/juvenile_report_citywide_files/figure-latex/comparison-recid-1.pdf>
[11]
File: /Users/johnhall/Documents/MOCJ/new_juvenile_trends/output/reports/juvenile_report_citywide_files/figure-latex/cja-gun-u18-1.pdf Graphic file (type pdf)
<use /Users/johnhall/Documents/MOCJ/new_juvenile_trends/output/reports/juvenile_report_citywide_files/figure-latex/cja-gun-u18-1.pdf>
File: /Users/johnhall/Documents/MOCJ/new_juvenile_trends/output/reports/juvenile_report_citywide_files/figure-latex/cja-gun-secondary-1.pdf Graphic file (type pdf)
<use /Users/johnhall/Documents/MOCJ/new_juvenile_trends/output/reports/juvenile_report_citywide_files/figure-latex/cja-gun-secondary-1.pdf>
File: /Users/johnhall/Documents/MOCJ/new_juvenile_trends/output/reports/juvenile_report_citywide_files/figure-latex/recid-gun-u18-1.pdf Graphic file (type pdf)
<use /Users/johnhall/Documents/MOCJ/new_juvenile_trends/output/reports/juvenile_report_citywide_files/figure-latex/recid-gun-u18-1.pdf>
[12]
File: /Users/johnhall/Documents/MOCJ/new_juvenile_trends/output/reports/juvenile_report_citywide_files/figure-latex/recid-gun-secondary-1.pdf Graphic file (type pdf)
<use /Users/johnhall/Documents/MOCJ/new_juvenile_trends/output/reports/juvenile_report_citywide_files/figure-latex/recid-gun-secondary-1.pdf>
File: /Users/johnhall/Documents/MOCJ/new_juvenile_trends/output/reports/juvenile_report_citywide_files/figure-latex/comparison-gun-share-1.pdf Graphic file (type pdf)
<use /Users/johnhall/Documents/MOCJ/new_juvenile_trends/output/reports/juvenile_report_citywide_files/figure-latex/comparison-gun-share-1.pdf>
[13]
File: /Users/johnhall/Documents/MOCJ/new_juvenile_trends/output/reports/juvenile_report_citywide_files/figure-latex/comparison-gun-recid-1.pdf Graphic file (type pdf)
<use /Users/johnhall/Documents/MOCJ/new_juvenile_trends/output/reports/juvenile_report_citywide_files/figure-latex/comparison-gun-recid-1.pdf>
[14]
Overfull \hbox (6.08745pt too wide) in paragraph at lines 547--548
\TU/lmr/m/n/10.95 Group  
 []


Overfull \hbox (0.17682pt too wide) in alignment at lines 542--572
 [] [] [] [] [] [] [] [] [] [] [] [] 
 []


Overfull \hbox (6.08745pt too wide) in paragraph at lines 575--576
\TU/lmr/m/n/10.95 Group  
 []


Overfull \hbox (0.17682pt too wide) in alignment at lines 572--600
 [] [] [] [] [] [] [] [] [] [] [] [] 
 []


Overfull \hbox (0.17682pt too wide) in alignment at lines 600--602
 [] [] [] [] [] [] [] [] [] [] [] [] 
 []


Overfull \hbox (0.17682pt too wide) in alignment at lines 602--612
 [] [] [] [] [] [] [] [] [] [] [] [] 
 []


Overfull \hbox (6.08745pt too wide) in paragraph at lines 711--712
\TU/lmr/m/n/10.95 Group  
 []


Overfull \hbox (0.17682pt too wide) in alignment at lines 706--736
 [] [] [] [] [] [] [] [] [] [] [] [] 
 []


Overfull \hbox (6.08745pt too wide) in paragraph at lines 739--740
\TU/lmr/m/n/10.95 Group  
 []


Overfull \hbox (0.17682pt too wide) in alignment at lines 736--764
 [] [] [] [] [] [] [] [] [] [] [] [] 
 []


Overfull \hbox (0.17682pt too wide) in alignment at lines 764--766
 [] [] [] [] [] [] [] [] [] [] [] [] 
 []


Overfull \hbox (0.17682pt too wide) in alignment at lines 766--776
 [] [] [] [] [] [] [] [] [] [] [] [] 
 []

[15]
Overfull \hbox (4.02791pt too wide) in paragraph at lines 876--877
\TU/lmr/m/n/10.95 Group  
 []


Overfull \hbox (4.02791pt too wide) in paragraph at lines 904--905
\TU/lmr/m/n/10.95 Group  
 []


Overfull \hbox (2.47003pt too wide) in paragraph at lines 933--933
\TU/lmr/m/n/10.95 (7.9%)|  
 []


Overfull \hbox (5.29216pt too wide) in paragraph at lines 934--935
\TU/lmr/m/n/10.95 (11.0%)|  
 []


Overfull \hbox (5.29216pt too wide) in paragraph at lines 935--935
\TU/lmr/m/n/10.95 (11.0%)|  
 []


Overfull \hbox (5.29216pt too wide) in paragraph at lines 935--936
\TU/lmr/m/n/10.95 (13.3%)|  
 []


Overfull \hbox (2.47003pt too wide) in paragraph at lines 936--936
\TU/lmr/m/n/10.95 (9.9%)|  
 []


Overfull \hbox (5.29216pt too wide) in paragraph at lines 936--937
\TU/lmr/m/n/10.95 (11.3%)|  
 []


Overfull \hbox (5.29216pt too wide) in paragraph at lines 937--938
\TU/lmr/m/n/10.95 (13.8%)|  
 []


Overfull \hbox (5.29216pt too wide) in paragraph at lines 938--938
\TU/lmr/m/n/10.95 (10.7%)|  
 []


Overfull \hbox (5.29216pt too wide) in paragraph at lines 938--938
\TU/lmr/m/n/10.95 (10.8%)|  
 []


Overfull \hbox (5.29216pt too wide) in paragraph at lines 938--938
\TU/lmr/m/n/10.95 (10.0%)|  
 []


Overfull \hbox (5.29216pt too wide) in paragraph at lines 938--938
\TU/lmr/m/n/10.95 (12.3%)|  
 []


Overfull \hbox (5.29216pt too wide) in paragraph at lines 938--939
\TU/lmr/m/n/10.95 (10.7%)|  
 []


Overfull \hbox (5.29216pt too wide) in paragraph at lines 939--939
\TU/lmr/m/n/10.95 (10.1%)|  
 []


Overfull \hbox (5.29216pt too wide) in paragraph at lines 939--939
\TU/lmr/m/n/10.95 (11.2%)|  
 []


Overfull \hbox (5.29216pt too wide) in paragraph at lines 939--939
\TU/lmr/m/n/10.95 (10.6%)|  
 []


Overfull \hbox (2.47003pt too wide) in paragraph at lines 939--939
\TU/lmr/m/n/10.95 (9.6%)|  
 []


Overfull \hbox (5.29216pt too wide) in paragraph at lines 940--941
\TU/lmr/m/n/10.95 (11.4%)|  
 []


Overfull \hbox (0.1197pt too wide) in alignment at lines 957--986
 [] [] [] [] [] [] [] [] [] [] [] [] 
 []


Overfull \hbox (0.1197pt too wide) in alignment at lines 986--1014
 [] [] [] [] [] [] [] [] [] [] [] [] 
 []


Overfull \hbox (0.1197pt too wide) in alignment at lines 1014--1016
 [] [] [] [] [] [] [] [] [] [] [] [] 
 []


Overfull \hbox (0.1197pt too wide) in alignment at lines 1016--1020
 [] [] [] [] [] [] [] [] [] [] [] [] 
 []


Overfull \hbox (3.84534pt too wide) in paragraph at lines 1039--1040
\TU/lmr/m/n/10.95 Group  
 []


Overfull \hbox (3.84534pt too wide) in paragraph at lines 1067--1068
\TU/lmr/m/n/10.95 Group  
 []


Overfull \hbox (2.24753pt too wide) in paragraph at lines 1095--1095
\TU/lmr/m/n/10.95 (1.8%)|  
 []


Overfull \hbox (2.24753pt too wide) in paragraph at lines 1095--1095
\TU/lmr/m/n/10.95 (1.9%)|  
 []


Overfull \hbox (2.24753pt too wide) in paragraph at lines 1098--1098
\TU/lmr/m/n/10.95 (5.4%)|  
 []


Overfull \hbox (2.24753pt too wide) in paragraph at lines 1098--1099
\TU/lmr/m/n/10.95 (6.5%)|  
 []


Overfull \hbox (5.06966pt too wide) in paragraph at lines 1100--1101
\TU/lmr/m/n/10.95 (10.0%)|  
 []


Overfull \hbox (5.06966pt too wide) in paragraph at lines 1101--1101
\TU/lmr/m/n/10.95 (10.4%)|  
 []


Overfull \hbox (5.06966pt too wide) in paragraph at lines 1101--1101
\TU/lmr/m/n/10.95 (10.3%)|  
 []


Overfull \hbox (5.06966pt too wide) in paragraph at lines 1101--1101
\TU/lmr/m/n/10.95 (10.8%)|  
 []


Overfull \hbox (2.24753pt too wide) in paragraph at lines 1101--1101
\TU/lmr/m/n/10.95 (9.8%)|  
 []


Overfull \hbox (2.24753pt too wide) in paragraph at lines 1101--1102
\TU/lmr/m/n/10.95 (9.8%)|  
 []


Overfull \hbox (5.06966pt too wide) in paragraph at lines 1102--1102
\TU/lmr/m/n/10.95 (11.7%)|  
 []


Overfull \hbox (5.06966pt too wide) in paragraph at lines 1102--1102
\TU/lmr/m/n/10.95 (13.0%)|  
 []


Overfull \hbox (5.06966pt too wide) in paragraph at lines 1102--1102
\TU/lmr/m/n/10.95 (11.6%)|  
 []


Overfull \hbox (5.06966pt too wide) in paragraph at lines 1102--1102
\TU/lmr/m/n/10.95 (11.5%)|  
 []


Overfull \hbox (5.06966pt too wide) in paragraph at lines 1103--1103
\TU/lmr/m/n/10.95 (12.0%)|  
 []


Overfull \hbox (5.06966pt too wide) in paragraph at lines 1103--1104
\TU/lmr/m/n/10.95 (12.7%)|  
 []

[16]
Overfull \hbox (4.80215pt too wide) in paragraph at lines 1203--1204
\TU/lmr/m/n/10.95 Group  
 []


Overfull \hbox (4.80215pt too wide) in paragraph at lines 1229--1230
\TU/lmr/m/n/10.95 Group  
 []


Overfull \hbox (1.10312pt too wide) in paragraph at lines 1255--1255
\TU/lmr/m/n/10.95 (31.0%)|  
 []


Overfull \hbox (1.10312pt too wide) in paragraph at lines 1255--1255
\TU/lmr/m/n/10.95 (31.4%)|  
 []


Overfull \hbox (1.10312pt too wide) in paragraph at lines 1255--1255
\TU/lmr/m/n/10.95 (29.0%)|  
 []


Overfull \hbox (1.10312pt too wide) in paragraph at lines 1255--1256
\TU/lmr/m/n/10.95 (30.2%)|  
 []


Overfull \hbox (1.10312pt too wide) in paragraph at lines 1256--1256
\TU/lmr/m/n/10.95 (37.2%)|  
 []


Overfull \hbox (1.10312pt too wide) in paragraph at lines 1256--1256
\TU/lmr/m/n/10.95 (35.5%)|  
 []


Overfull \hbox (1.10312pt too wide) in paragraph at lines 1256--1256
\TU/lmr/m/n/10.95 (33.8%)|  
 []


Overfull \hbox (1.10312pt too wide) in paragraph at lines 1256--1257
\TU/lmr/m/n/10.95 (34.2%)|  
 []


Overfull \hbox (1.10312pt too wide) in paragraph at lines 1257--1257
\TU/lmr/m/n/10.95 (33.5%)|  
 []


Overfull \hbox (1.10312pt too wide) in paragraph at lines 1257--1258
\TU/lmr/m/n/10.95 (36.2%)|  
 []


Overfull \hbox (1.10312pt too wide) in paragraph at lines 1258--1258
\TU/lmr/m/n/10.95 (35.0%)|  
 []


Overfull \hbox (1.10312pt too wide) in paragraph at lines 1258--1258
\TU/lmr/m/n/10.95 (36.0%)|  
 []


Overfull \hbox (1.10312pt too wide) in paragraph at lines 1258--1258
\TU/lmr/m/n/10.95 (33.6%)|  
 []


Overfull \hbox (1.10312pt too wide) in paragraph at lines 1258--1259
\TU/lmr/m/n/10.95 (35.9%)|  
 []


Overfull \hbox (1.10312pt too wide) in paragraph at lines 1259--1259
\TU/lmr/m/n/10.95 (38.4%)|  
 []


Overfull \hbox (1.10312pt too wide) in paragraph at lines 1259--1259
\TU/lmr/m/n/10.95 (39.8%)|  
 []


Overfull \hbox (1.10312pt too wide) in paragraph at lines 1259--1259
\TU/lmr/m/n/10.95 (39.4%)|  
 []


Overfull \hbox (1.10312pt too wide) in paragraph at lines 1259--1260
\TU/lmr/m/n/10.95 (32.6%)|  
 []


Overfull \hbox (1.10312pt too wide) in paragraph at lines 1260--1260
\TU/lmr/m/n/10.95 (31.6%)|  
 []


Overfull \hbox (1.10312pt too wide) in paragraph at lines 1260--1261
\TU/lmr/m/n/10.95 (31.8%)|  
 []


Overfull \hbox (1.10312pt too wide) in paragraph at lines 1261--1261
\TU/lmr/m/n/10.95 (33.1%)|  
 []


Overfull \hbox (1.10312pt too wide) in paragraph at lines 1261--1261
\TU/lmr/m/n/10.95 (32.5%)|  
 []


Overfull \hbox (1.10312pt too wide) in paragraph at lines 1261--1261
\TU/lmr/m/n/10.95 (31.0%)|  
 []


Overfull \hbox (1.10312pt too wide) in paragraph at lines 1261--1262
\TU/lmr/m/n/10.95 (33.9%)|  
 []


Overfull \hbox (1.10312pt too wide) in paragraph at lines 1262--1262
\TU/lmr/m/n/10.95 (32.1%)|  
 []


Overfull \hbox (1.10312pt too wide) in paragraph at lines 1262--1262
\TU/lmr/m/n/10.95 (35.2%)|  
 []


Overfull \hbox (1.10312pt too wide) in paragraph at lines 1262--1262
\TU/lmr/m/n/10.95 (32.4%)|  
 []


Overfull \hbox (1.10312pt too wide) in paragraph at lines 1262--1263
\TU/lmr/m/n/10.95 (32.3%)|  
 []


Overfull \hbox (1.10312pt too wide) in paragraph at lines 1263--1263
\TU/lmr/m/n/10.95 (31.4%)|  
 []


Overfull \hbox (1.10312pt too wide) in paragraph at lines 1263--1264
\TU/lmr/m/n/10.95 (31.0%)|  
 []


Overfull \hbox (4.80215pt too wide) in paragraph at lines 1359--1360
\TU/lmr/m/n/10.95 Group  
 []


Overfull \hbox (4.80215pt too wide) in paragraph at lines 1385--1386
\TU/lmr/m/n/10.95 Group  
 []


Overfull \hbox (1.10312pt too wide) in paragraph at lines 1411--1411
\TU/lmr/m/n/10.95 (30.9%)|  
 []


Overfull \hbox (1.10312pt too wide) in paragraph at lines 1411--1411
\TU/lmr/m/n/10.95 (31.3%)|  
 []


Overfull \hbox (1.10312pt too wide) in paragraph at lines 1411--1411
\TU/lmr/m/n/10.95 (28.9%)|  
 []


Overfull \hbox (1.10312pt too wide) in paragraph at lines 1411--1412
\TU/lmr/m/n/10.95 (28.9%)|  
 []


Overfull \hbox (1.10312pt too wide) in paragraph at lines 1412--1412
\TU/lmr/m/n/10.95 (37.2%)|  
 []


Overfull \hbox (1.10312pt too wide) in paragraph at lines 1412--1412
\TU/lmr/m/n/10.95 (34.4%)|  
 []


Overfull \hbox (1.10312pt too wide) in paragraph at lines 1412--1412
\TU/lmr/m/n/10.95 (31.9%)|  
 []


Overfull \hbox (1.10312pt too wide) in paragraph at lines 1412--1413
\TU/lmr/m/n/10.95 (35.1%)|  
 []


Overfull \hbox (1.10312pt too wide) in paragraph at lines 1413--1413
\TU/lmr/m/n/10.95 (34.1%)|  
 []


Overfull \hbox (1.10312pt too wide) in paragraph at lines 1413--1414
\TU/lmr/m/n/10.95 (34.0%)|  
 []


Overfull \hbox (1.10312pt too wide) in paragraph at lines 1414--1414
\TU/lmr/m/n/10.95 (31.9%)|  
 []


Overfull \hbox (1.10312pt too wide) in paragraph at lines 1414--1414
\TU/lmr/m/n/10.95 (33.3%)|  
 []


Overfull \hbox (1.10312pt too wide) in paragraph at lines 1414--1414
\TU/lmr/m/n/10.95 (29.5%)|  
 []


Overfull \hbox (1.10312pt too wide) in paragraph at lines 1414--1415
\TU/lmr/m/n/10.95 (32.9%)|  
 []


Overfull \hbox (1.10312pt too wide) in paragraph at lines 1415--1415
\TU/lmr/m/n/10.95 (37.9%)|  
 []


Overfull \hbox (1.10312pt too wide) in paragraph at lines 1415--1415
\TU/lmr/m/n/10.95 (38.2%)|  
 []


Overfull \hbox (1.10312pt too wide) in paragraph at lines 1415--1415
\TU/lmr/m/n/10.95 (38.6%)|  
 []


Overfull \hbox (1.10312pt too wide) in paragraph at lines 1415--1416
\TU/lmr/m/n/10.95 (32.5%)|  
 []


Overfull \hbox (1.10312pt too wide) in paragraph at lines 1416--1416
\TU/lmr/m/n/10.95 (30.7%)|  
 []


Overfull \hbox (1.10312pt too wide) in paragraph at lines 1416--1417
\TU/lmr/m/n/10.95 (32.9%)|  
 []


Overfull \hbox (1.10312pt too wide) in paragraph at lines 1417--1417
\TU/lmr/m/n/10.95 (31.7%)|  
 []


Overfull \hbox (1.10312pt too wide) in paragraph at lines 1417--1417
\TU/lmr/m/n/10.95 (32.1%)|  
 []


Overfull \hbox (1.10312pt too wide) in paragraph at lines 1417--1417
\TU/lmr/m/n/10.95 (28.6%)|  
 []


Overfull \hbox (1.10312pt too wide) in paragraph at lines 1417--1418
\TU/lmr/m/n/10.95 (31.3%)|  
 []


Overfull \hbox (1.10312pt too wide) in paragraph at lines 1418--1418
\TU/lmr/m/n/10.95 (28.5%)|  
 []


Overfull \hbox (1.10312pt too wide) in paragraph at lines 1418--1418
\TU/lmr/m/n/10.95 (32.3%)|  
 []


Overfull \hbox (1.10312pt too wide) in paragraph at lines 1418--1418
\TU/lmr/m/n/10.95 (28.9%)|  
 []


Overfull \hbox (1.10312pt too wide) in paragraph at lines 1418--1419
\TU/lmr/m/n/10.95 (29.7%)|  
 []


Overfull \hbox (1.10312pt too wide) in paragraph at lines 1419--1419
\TU/lmr/m/n/10.95 (31.7%)|  
 []


Overfull \hbox (1.10312pt too wide) in paragraph at lines 1419--1420
\TU/lmr/m/n/10.95 (28.6%)|  
 []

[17]
Overfull \hbox (0.86295pt too wide) in paragraph at lines 1515--1516
\TU/lmr/m/n/10.95 Group  
 []


Overfull \hbox (0.86295pt too wide) in paragraph at lines 1541--1542
\TU/lmr/m/n/10.95 Group  
 []


Overfull \hbox (1.49174pt too wide) in paragraph at lines 1567--1567
\TU/lmr/m/n/10.95 (37.5%)|  
 []


Overfull \hbox (1.49174pt too wide) in paragraph at lines 1567--1567
\TU/lmr/m/n/10.95 (37.4%)|  
 []


Overfull \hbox (1.49174pt too wide) in paragraph at lines 1567--1567
\TU/lmr/m/n/10.95 (36.9%)|  
 []


Overfull \hbox (1.49174pt too wide) in paragraph at lines 1567--1567
\TU/lmr/m/n/10.95 (37.8%)|  
 []


Overfull \hbox (1.49174pt too wide) in paragraph at lines 1567--1568
\TU/lmr/m/n/10.95 (50.3%)|  
 []


Overfull \hbox (1.49174pt too wide) in paragraph at lines 1568--1568
\TU/lmr/m/n/10.95 (42.2%)|  
 []


Overfull \hbox (1.49174pt too wide) in paragraph at lines 1568--1568
\TU/lmr/m/n/10.95 (41.3%)|  
 []


Overfull \hbox (1.49174pt too wide) in paragraph at lines 1568--1568
\TU/lmr/m/n/10.95 (46.9%)|  
 []


Overfull \hbox (1.49174pt too wide) in paragraph at lines 1568--1568
\TU/lmr/m/n/10.95 (40.6%)|  
 []


Overfull \hbox (1.49174pt too wide) in paragraph at lines 1569--1570
\TU/lmr/m/n/10.95 (37.0%)|  
 []


Overfull \hbox (1.49174pt too wide) in paragraph at lines 1570--1570
\TU/lmr/m/n/10.95 (31.4%)|  
 []


Overfull \hbox (1.49174pt too wide) in paragraph at lines 1570--1570
\TU/lmr/m/n/10.95 (31.2%)|  
 []


Overfull \hbox (1.49174pt too wide) in paragraph at lines 1570--1570
\TU/lmr/m/n/10.95 (32.6%)|  
 []


Overfull \hbox (1.49174pt too wide) in paragraph at lines 1570--1570
\TU/lmr/m/n/10.95 (39.6%)|  
 []


Overfull \hbox (1.49174pt too wide) in paragraph at lines 1570--1571
\TU/lmr/m/n/10.95 (44.1%)|  
 []


Overfull \hbox (1.49174pt too wide) in paragraph at lines 1571--1571
\TU/lmr/m/n/10.95 (40.2%)|  
 []


Overfull \hbox (1.49174pt too wide) in paragraph at lines 1571--1571
\TU/lmr/m/n/10.95 (45.9%)|  
 []


Overfull \hbox (1.49174pt too wide) in paragraph at lines 1571--1571
\TU/lmr/m/n/10.95 (39.9%)|  
 []


Overfull \hbox (1.49174pt too wide) in paragraph at lines 1571--1571
\TU/lmr/m/n/10.95 (34.7%)|  
 []


Overfull \hbox (1.49174pt too wide) in paragraph at lines 1572--1573
\TU/lmr/m/n/10.95 (37.7%)|  
 []


Overfull \hbox (1.49174pt too wide) in paragraph at lines 1573--1573
\TU/lmr/m/n/10.95 (28.5%)|  
 []


Overfull \hbox (1.49174pt too wide) in paragraph at lines 1573--1573
\TU/lmr/m/n/10.95 (32.5%)|  
 []


Overfull \hbox (1.49174pt too wide) in paragraph at lines 1573--1573
\TU/lmr/m/n/10.95 (26.6%)|  
 []


Overfull \hbox (1.49174pt too wide) in paragraph at lines 1573--1573
\TU/lmr/m/n/10.95 (32.1%)|  
 []


Overfull \hbox (1.49174pt too wide) in paragraph at lines 1573--1574
\TU/lmr/m/n/10.95 (27.1%)|  
 []


Overfull \hbox (1.49174pt too wide) in paragraph at lines 1574--1574
\TU/lmr/m/n/10.95 (30.3%)|  
 []


Overfull \hbox (1.49174pt too wide) in paragraph at lines 1574--1574
\TU/lmr/m/n/10.95 (30.3%)|  
 []


Overfull \hbox (1.49174pt too wide) in paragraph at lines 1574--1574
\TU/lmr/m/n/10.95 (29.2%)|  
 []


Overfull \hbox (1.49174pt too wide) in paragraph at lines 1574--1574
\TU/lmr/m/n/10.95 (34.2%)|  
 []


Overfull \hbox (1.49174pt too wide) in paragraph at lines 1575--1576
\TU/lmr/m/n/10.95 (31.7%)|  
 []


Overfull \hbox (0.86295pt too wide) in paragraph at lines 1671--1672
\TU/lmr/m/n/10.95 Group  
 []


Overfull \hbox (0.86295pt too wide) in paragraph at lines 1697--1698
\TU/lmr/m/n/10.95 Group  
 []


Overfull \hbox (1.49174pt too wide) in paragraph at lines 1723--1723
\TU/lmr/m/n/10.95 (40.0%)|  
 []


Overfull \hbox (1.49174pt too wide) in paragraph at lines 1723--1723
\TU/lmr/m/n/10.95 (28.3%)|  
 []


Overfull \hbox (1.49174pt too wide) in paragraph at lines 1723--1723
\TU/lmr/m/n/10.95 (20.0%)|  
 []


Overfull \hbox (1.49174pt too wide) in paragraph at lines 1723--1723
\TU/lmr/m/n/10.95 (38.3%)|  
 []


Overfull \hbox (1.49174pt too wide) in paragraph at lines 1723--1724
\TU/lmr/m/n/10.95 (41.4%)|  
 []


Overfull \hbox (1.49174pt too wide) in paragraph at lines 1724--1724
\TU/lmr/m/n/10.95 (40.0%)|  
 []


Overfull \hbox (1.49174pt too wide) in paragraph at lines 1724--1724
\TU/lmr/m/n/10.95 (37.8%)|  
 []


Overfull \hbox (1.49174pt too wide) in paragraph at lines 1724--1724
\TU/lmr/m/n/10.95 (30.0%)|  
 []


Overfull \hbox (1.49174pt too wide) in paragraph at lines 1724--1724
\TU/lmr/m/n/10.95 (36.4%)|  
 []


Overfull \hbox (1.49174pt too wide) in paragraph at lines 1724--1726
\TU/lmr/m/n/10.95 (42.7%)|  
 []


Overfull \hbox (1.49174pt too wide) in paragraph at lines 1726--1726
\TU/lmr/m/n/10.95 (38.3%)|  
 []


Overfull \hbox (1.49174pt too wide) in paragraph at lines 1726--1726
\TU/lmr/m/n/10.95 (38.4%)|  
 []


Overfull \hbox (1.49174pt too wide) in paragraph at lines 1726--1726
\TU/lmr/m/n/10.95 (36.5%)|  
 []


Overfull \hbox (1.49174pt too wide) in paragraph at lines 1726--1726
\TU/lmr/m/n/10.95 (45.3%)|  
 []


Overfull \hbox (1.49174pt too wide) in paragraph at lines 1726--1727
\TU/lmr/m/n/10.95 (36.4%)|  
 []


Overfull \hbox (1.49174pt too wide) in paragraph at lines 1727--1727
\TU/lmr/m/n/10.95 (38.1%)|  
 []


Overfull \hbox (1.49174pt too wide) in paragraph at lines 1727--1727
\TU/lmr/m/n/10.95 (41.8%)|  
 []


Overfull \hbox (1.49174pt too wide) in paragraph at lines 1727--1727
\TU/lmr/m/n/10.95 (34.9%)|  
 []


Overfull \hbox (1.49174pt too wide) in paragraph at lines 1727--1727
\TU/lmr/m/n/10.95 (35.3%)|  
 []


Overfull \hbox (1.49174pt too wide) in paragraph at lines 1728--1729
\TU/lmr/m/n/10.95 (34.0%)|  
 []


Overfull \hbox (1.49174pt too wide) in paragraph at lines 1729--1729
\TU/lmr/m/n/10.95 (35.7%)|  
 []


Overfull \hbox (1.49174pt too wide) in paragraph at lines 1729--1729
\TU/lmr/m/n/10.95 (31.8%)|  
 []


Overfull \hbox (1.49174pt too wide) in paragraph at lines 1729--1729
\TU/lmr/m/n/10.95 (34.2%)|  
 []


Overfull \hbox (1.49174pt too wide) in paragraph at lines 1729--1729
\TU/lmr/m/n/10.95 (29.0%)|  
 []


Overfull \hbox (1.49174pt too wide) in paragraph at lines 1729--1730
\TU/lmr/m/n/10.95 (26.9%)|  
 []


Overfull \hbox (1.49174pt too wide) in paragraph at lines 1730--1730
\TU/lmr/m/n/10.95 (32.2%)|  
 []


Overfull \hbox (1.49174pt too wide) in paragraph at lines 1730--1730
\TU/lmr/m/n/10.95 (30.2%)|  
 []


Overfull \hbox (1.49174pt too wide) in paragraph at lines 1730--1730
\TU/lmr/m/n/10.95 (27.3%)|  
 []


Overfull \hbox (1.49174pt too wide) in paragraph at lines 1730--1730
\TU/lmr/m/n/10.95 (26.8%)|  
 []


Overfull \hbox (1.49174pt too wide) in paragraph at lines 1731--1732
\TU/lmr/m/n/10.95 (29.6%)|  
 []

[18] [19] (./juvenile_report_citywide.aux)
 ***********
LaTeX2e <2025-11-01>
L3 programming layer <2025-12-24>
 ***********
 ) 
Here is how much of TeX's memory you used:
 20576 strings out of 470195
 404646 string characters out of 5477817
 975977 words of memory out of 5000000
 48855 multiletter control sequences out of 15000+600000
 634170 words of font info for 93 fonts, out of 8000000 for 9000
 14 hyphenation exceptions out of 8191
 90i,12n,114p,489b,493s stack positions out of 10000i,1000n,20000p,200000b,200000s

Output written on juvenile_report_citywide.pdf (19 pages).
